<?xml version="1.0" encoding="UTF-8"?>
<!-- Generated by org.testng.reporters.JUnitReportReporter -->
<testsuite hostname="ProBook" failures="0" tests="1" name="qaclickacademy.AppTest" time="0.012" errors="0" timestamp="2021-09-14T19:21:32 UZT" skipped="0">
  <testcase classname="qaclickacademy.AppTest" name="shouldAnswerWithTrue" time="0.012"/>
  <system-out/>
</testsuite> <!-- qaclickacademy.AppTest -->
