<?xml version="1.0" encoding="UTF-8"?>
<!-- Generated by org.testng.reporters.JUnitReportReporter -->
<testsuite skipped="0" hostname="DESKTOP-PCN7RIL" name="qaclickacademy.AppiumTest" tests="2" failures="0" timestamp="2021-09-25T06:50:35 PDT" time="0.026" errors="0">
  <testcase name="nativeAppAndroid" time="0.003" classname="qaclickacademy.AppiumTest"/>
  <system-out/>
  <testcase name="appsIOS" time="0.023" classname="qaclickacademy.AppiumTest"/>
  <system-out/>
</testsuite> <!-- qaclickacademy.AppiumTest -->
