<?xml version="1.0" encoding="UTF-8"?>
<!-- Generated by org.testng.reporters.JUnitReportReporter -->
<testsuite skipped="0" hostname="DESKTOP-PCN7RIL" name="qaclickacademy.SeleniumTest" tests="2" failures="0" timestamp="2021-09-25T06:50:35 PDT" time="0.006" errors="0">
  <testcase name="elementsUI" time="0.003" classname="qaclickacademy.SeleniumTest"/>
  <system-out/>
  <testcase name="browserAutomation" time="0.003" classname="qaclickacademy.SeleniumTest"/>
  <system-out/>
</testsuite> <!-- qaclickacademy.SeleniumTest -->
